GoogleSignIn/Temp/gradleOut/launcher/build/intermediates/manifest_merge_blame_file/release/manifest-merger-blame-release-report.txt
1<?xml version="1.0" encoding="utf-8"?>
2<!-- GENERATED BY UNITY. REMOVE THIS COMMENT TO PREVENT OVERWRITING WHEN EXPORTING AGAIN -->
3<manifest xmlns:android="http://schemas.android.com/apk/res/android"
4    package="com.wen.GoogleSignIn"
5    android:installLocation="preferExternal"
6    android:versionCode="1"
7    android:versionName="0.1" >
8
9    <uses-sdk
10        android:minSdkVersion="28"
10-->src/main/AndroidManifest.xml
11        android:targetSdkVersion="32" />
11-->src/main/AndroidManifest.xml
12
13    <supports-screens
13-->src/main/AndroidManifest.xml:4:3-163
14        android:anyDensity="true"
14-->src/main/AndroidManifest.xml:4:135-160
15        android:largeScreens="true"
15-->src/main/AndroidManifest.xml:4:78-105
16        android:normalScreens="true"
16-->src/main/AndroidManifest.xml:4:49-77
17        android:smallScreens="true"
17-->src/main/AndroidManifest.xml:4:21-48
18        android:xlargeScreens="true" />
18-->src/main/AndroidManifest.xml:4:106-134
19
20    <uses-feature android:glEsVersion="0x00030000" />
20-->[:unityLibrary] AndroidManifest.xml:13:5-54
20-->[:unityLibrary] AndroidManifest.xml:13:19-51
21    <uses-feature
21-->[:unityLibrary] AndroidManifest.xml:14:5-16:36
22        android:name="android.hardware.vulkan.version"
22-->[:unityLibrary] AndroidManifest.xml:15:9-55
23        android:required="false" />
23-->[:unityLibrary] AndroidManifest.xml:16:9-33
24
25    <uses-permission android:name="android.permission.INTERNET" />
25-->[:unityLibrary] AndroidManifest.xml:18:5-67
25-->[:unityLibrary] AndroidManifest.xml:18:22-64
26
27    <uses-feature
27-->[:unityLibrary] AndroidManifest.xml:20:5-22:36
28        android:name="android.hardware.touchscreen"
28-->[:unityLibrary] AndroidManifest.xml:21:9-52
29        android:required="false" />
29-->[:unityLibrary] AndroidManifest.xml:22:9-33
30    <uses-feature
30-->[:unityLibrary] AndroidManifest.xml:23:5-25:36
31        android:name="android.hardware.touchscreen.multitouch"
31-->[:unityLibrary] AndroidManifest.xml:24:9-63
32        android:required="false" />
32-->[:unityLibrary] AndroidManifest.xml:25:9-33
33    <uses-feature
33-->[:unityLibrary] AndroidManifest.xml:26:5-28:36
34        android:name="android.hardware.touchscreen.multitouch.distinct"
34-->[:unityLibrary] AndroidManifest.xml:27:9-72
35        android:required="false" />
35-->[:unityLibrary] AndroidManifest.xml:28:9-33
36
37    <application
37-->src/main/AndroidManifest.xml:5:3-116
38        android:appComponentFactory="androidx.core.app.CoreComponentFactory"
38-->[androidx.core:core:1.8.0] AndroidManifest.xml:24:18-86
39        android:extractNativeLibs="true"
39-->src/main/AndroidManifest.xml:5:16-48
40        android:icon="@mipmap/app_icon"
40-->src/main/AndroidManifest.xml:5:82-113
41        android:label="@string/app_name" >
41-->src/main/AndroidManifest.xml:5:49-81
42        <activity
42-->[:unityLibrary] AndroidManifest.xml:31:9-51:20
43            android:name="com.wen.googlesignin_lib.MainActivity"
43-->[:unityLibrary] AndroidManifest.xml:32:13-65
44            android:configChanges="mcc|mnc|locale|touchscreen|keyboard|keyboardHidden|navigation|orientation|screenLayout|uiMode|screenSize|smallestScreenSize|fontScale|layoutDirection|density"
44-->[:unityLibrary] AndroidManifest.xml:33:13-194
45            android:exported="true"
45-->[:unityLibrary] AndroidManifest.xml:34:13-36
46            android:hardwareAccelerated="false"
46-->[:unityLibrary] AndroidManifest.xml:35:13-48
47            android:launchMode="singleTask"
47-->[:unityLibrary] AndroidManifest.xml:36:13-44
48            android:resizeableActivity="false"
48-->[:unityLibrary] AndroidManifest.xml:37:13-47
49            android:screenOrientation="fullSensor" >
49-->[:unityLibrary] AndroidManifest.xml:38:13-51
50            <intent-filter>
50-->[:unityLibrary] AndroidManifest.xml:39:13-43:29
51                <action android:name="android.intent.action.MAIN" />
51-->[:unityLibrary] AndroidManifest.xml:40:17-69
51-->[:unityLibrary] AndroidManifest.xml:40:25-66
52
53                <category android:name="android.intent.category.LAUNCHER" />
53-->[:unityLibrary] AndroidManifest.xml:42:17-77
53-->[:unityLibrary] AndroidManifest.xml:42:27-74
54            </intent-filter>
55
56            <meta-data
56-->[:unityLibrary] AndroidManifest.xml:45:13-47:40
57                android:name="unityplayer.UnityActivity"
57-->[:unityLibrary] AndroidManifest.xml:46:17-57
58                android:value="true" />
58-->[:unityLibrary] AndroidManifest.xml:47:17-37
59            <meta-data
59-->[:unityLibrary] AndroidManifest.xml:48:13-50:40
60                android:name="android.notch_support"
60-->[:unityLibrary] AndroidManifest.xml:49:17-53
61                android:value="true" />
61-->[:unityLibrary] AndroidManifest.xml:50:17-37
62        </activity>
63
64        <meta-data
64-->[:unityLibrary] AndroidManifest.xml:53:9-55:33
65            android:name="unity.splash-mode"
65-->[:unityLibrary] AndroidManifest.xml:54:13-45
66            android:value="0" />
66-->[:unityLibrary] AndroidManifest.xml:55:13-30
67        <meta-data
67-->[:unityLibrary] AndroidManifest.xml:56:9-58:36
68            android:name="unity.splash-enable"
68-->[:unityLibrary] AndroidManifest.xml:57:13-47
69            android:value="True" />
69-->[:unityLibrary] AndroidManifest.xml:58:13-33
70        <meta-data
70-->[:unityLibrary] AndroidManifest.xml:59:9-61:37
71            android:name="unity.allow-resizable-window"
71-->[:unityLibrary] AndroidManifest.xml:60:13-56
72            android:value="False" />
72-->[:unityLibrary] AndroidManifest.xml:61:13-34
73        <meta-data
73-->[:unityLibrary] AndroidManifest.xml:62:9-64:50
74            android:name="notch.config"
74-->[:unityLibrary] AndroidManifest.xml:63:13-40
75            android:value="portrait|landscape" />
75-->[:unityLibrary] AndroidManifest.xml:64:13-47
76        <meta-data
76-->[:unityLibrary] AndroidManifest.xml:65:9-67:68
77            android:name="unity.build-id"
77-->[:unityLibrary] AndroidManifest.xml:66:13-42
78            android:value="22fd62c1-1cff-46e4-bcd0-79d769fe874d" />
78-->[:unityLibrary] AndroidManifest.xml:67:13-65
79
80        <activity
80-->[com.google.android.gms:play-services-auth:20.3.0] AndroidManifest.xml:23:9-27:75
81            android:name="com.google.android.gms.auth.api.signin.internal.SignInHubActivity"
81-->[com.google.android.gms:play-services-auth:20.3.0] AndroidManifest.xml:24:13-93
82            android:excludeFromRecents="true"
82-->[com.google.android.gms:play-services-auth:20.3.0] AndroidManifest.xml:25:13-46
83            android:exported="false"
83-->[com.google.android.gms:play-services-auth:20.3.0] AndroidManifest.xml:26:13-37
84            android:theme="@android:style/Theme.Translucent.NoTitleBar" />
84-->[com.google.android.gms:play-services-auth:20.3.0] AndroidManifest.xml:27:13-72
85        <!--
86            Service handling Google Sign-In user revocation. For apps that do not integrate with
87            Google Sign-In, this service will never be started.
88        -->
89        <service
89-->[com.google.android.gms:play-services-auth:20.3.0] AndroidManifest.xml:33:9-37:51
90            android:name="com.google.android.gms.auth.api.signin.RevocationBoundService"
90-->[com.google.android.gms:play-services-auth:20.3.0] AndroidManifest.xml:34:13-89
91            android:exported="true"
91-->[com.google.android.gms:play-services-auth:20.3.0] AndroidManifest.xml:35:13-36
92            android:permission="com.google.android.gms.auth.api.signin.permission.REVOCATION_NOTIFICATION"
92-->[com.google.android.gms:play-services-auth:20.3.0] AndroidManifest.xml:36:13-107
93            android:visibleToInstantApps="true" />
93-->[com.google.android.gms:play-services-auth:20.3.0] AndroidManifest.xml:37:13-48
94
95        <activity
95-->[com.google.android.gms:play-services-base:18.0.1] AndroidManifest.xml:20:9-22:45
96            android:name="com.google.android.gms.common.api.GoogleApiActivity"
96-->[com.google.android.gms:play-services-base:18.0.1] AndroidManifest.xml:20:19-85
97            android:exported="false"
97-->[com.google.android.gms:play-services-base:18.0.1] AndroidManifest.xml:22:19-43
98            android:theme="@android:style/Theme.Translucent.NoTitleBar" />
98-->[com.google.android.gms:play-services-base:18.0.1] AndroidManifest.xml:21:19-78
99
100        <meta-data
100-->[com.google.android.gms:play-services-basement:18.1.0] AndroidManifest.xml:21:9-23:69
101            android:name="com.google.android.gms.version"
101-->[com.google.android.gms:play-services-basement:18.1.0] AndroidManifest.xml:22:13-58
102            android:value="@integer/google_play_services_version" />
102-->[com.google.android.gms:play-services-basement:18.1.0] AndroidManifest.xml:23:13-66
103
104        <provider
104-->[androidx.emoji2:emoji2:1.2.0] AndroidManifest.xml:24:9-32:20
105            android:name="androidx.startup.InitializationProvider"
105-->[androidx.emoji2:emoji2:1.2.0] AndroidManifest.xml:25:13-67
106            android:authorities="com.wen.GoogleSignIn.androidx-startup"
106-->[androidx.emoji2:emoji2:1.2.0] AndroidManifest.xml:26:13-68
107            android:exported="false" >
107-->[androidx.emoji2:emoji2:1.2.0] AndroidManifest.xml:27:13-37
108            <meta-data
108-->[androidx.emoji2:emoji2:1.2.0] AndroidManifest.xml:29:13-31:52
109                android:name="androidx.emoji2.text.EmojiCompatInitializer"
109-->[androidx.emoji2:emoji2:1.2.0] AndroidManifest.xml:30:17-75
110                android:value="androidx.startup" />
110-->[androidx.emoji2:emoji2:1.2.0] AndroidManifest.xml:31:17-49
111            <meta-data
111-->[androidx.lifecycle:lifecycle-process:2.4.1] AndroidManifest.xml:31:13-33:52
112                android:name="androidx.lifecycle.ProcessLifecycleInitializer"
112-->[androidx.lifecycle:lifecycle-process:2.4.1] AndroidManifest.xml:32:17-78
113                android:value="androidx.startup" />
113-->[androidx.lifecycle:lifecycle-process:2.4.1] AndroidManifest.xml:33:17-49
114        </provider>
115    </application>
116
117</manifest>